** has_many_polymorphs: rails environment detected
** has_many_polymorphs: loaded ok
** has_many_polymorphs: autoload hook invoked


Processing ApplicationController#index (for 127.0.0.1 at 2008-04-08 15:39:17) [GET]
  Session ID: BAh7BiIKZmxhc2hJQzonQWN0aW9uQ29udHJvbGxlcjo6Rmxhc2g6OkZsYXNo%0ASGFzaHsABjoKQHVzZWR7AA%3D%3D--e1f1cfa7f8391a42af8a748503eb4a44d5165aad
  Parameters: {"action"=>"index", "controller"=>"store"}


NameError (uninitialized constant StoreController):
    /vendor/rails/activesupport/lib/active_support/dependencies.rb:266:in `load_missing_constant'
    /vendor/rails/activesupport/lib/active_support/dependencies.rb:453:in `const_missing'
    /vendor/rails/activesupport/lib/active_support/dependencies.rb:465:in `const_missing'
    /vendor/rails/activesupport/lib/active_support/inflector.rb:257:in `constantize'
    /vendor/rails/activesupport/lib/active_support/core_ext/string/inflections.rb:148:in `constantize'
    /vendor/rails/actionpack/lib/action_controller/routing.rb:1426:in `recognize'
    /vendor/rails/actionpack/lib/action_controller/dispatcher.rb:170:in `handle_request'
    /vendor/rails/actionpack/lib/action_controller/dispatcher.rb:115:in `dispatch'
    /vendor/rails/actionpack/lib/action_controller/dispatcher.rb:126:in `dispatch_cgi'
    /vendor/rails/actionpack/lib/action_controller/dispatcher.rb:9:in `dispatch'
    /Library/Ruby/Gems/1.8/gems/mongrel-1.1.3/bin/../lib/mongrel/rails.rb:76:in `process'
    /Library/Ruby/Gems/1.8/gems/mongrel-1.1.3/bin/../lib/mongrel/rails.rb:74:in `synchronize'
    /Library/Ruby/Gems/1.8/gems/mongrel-1.1.3/bin/../lib/mongrel/rails.rb:74:in `process'
    /Library/Ruby/Gems/1.8/gems/mongrel-1.1.3/lib/mongrel.rb:159:in `process_client'
    /Library/Ruby/Gems/1.8/gems/mongrel-1.1.3/lib/mongrel.rb:158:in `each'
    /Library/Ruby/Gems/1.8/gems/mongrel-1.1.3/lib/mongrel.rb:158:in `process_client'
    /Library/Ruby/Gems/1.8/gems/mongrel-1.1.3/lib/mongrel.rb:285:in `run'
    /Library/Ruby/Gems/1.8/gems/mongrel-1.1.3/lib/mongrel.rb:285:in `initialize'
    /Library/Ruby/Gems/1.8/gems/mongrel-1.1.3/lib/mongrel.rb:285:in `new'
    /Library/Ruby/Gems/1.8/gems/mongrel-1.1.3/lib/mongrel.rb:285:in `run'
    /Library/Ruby/Gems/1.8/gems/mongrel-1.1.3/lib/mongrel.rb:268:in `initialize'
    /Library/Ruby/Gems/1.8/gems/mongrel-1.1.3/lib/mongrel.rb:268:in `new'
    /Library/Ruby/Gems/1.8/gems/mongrel-1.1.3/lib/mongrel.rb:268:in `run'
    /Library/Ruby/Gems/1.8/gems/mongrel-1.1.3/lib/mongrel/configurator.rb:282:in `run'
    /Library/Ruby/Gems/1.8/gems/mongrel-1.1.3/lib/mongrel/configurator.rb:281:in `each'
    /Library/Ruby/Gems/1.8/gems/mongrel-1.1.3/lib/mongrel/configurator.rb:281:in `run'
    /Library/Ruby/Gems/1.8/gems/mongrel-1.1.3/bin/mongrel_rails:128:in `run'
    /Library/Ruby/Gems/1.8/gems/mongrel-1.1.3/lib/mongrel/command.rb:212:in `run'
    /Library/Ruby/Gems/1.8/gems/mongrel-1.1.3/bin/mongrel_rails:281
    /vendor/rails/activesupport/lib/active_support/dependencies.rb:489:in `load'
    /vendor/rails/activesupport/lib/active_support/dependencies.rb:489:in `load'
    /vendor/rails/activesupport/lib/active_support/dependencies.rb:342:in `new_constants_in'
    /vendor/rails/activesupport/lib/active_support/dependencies.rb:489:in `load'
    /vendor/rails/railties/lib/commands/servers/mongrel.rb:64
    /Library/Ruby/Site/1.8/rubygems/custom_require.rb:27:in `gem_original_require'
    /Library/Ruby/Site/1.8/rubygems/custom_require.rb:27:in `require'
    /vendor/rails/activesupport/lib/active_support/dependencies.rb:496:in `require'
    /vendor/rails/activesupport/lib/active_support/dependencies.rb:342:in `new_constants_in'
    /vendor/rails/activesupport/lib/active_support/dependencies.rb:496:in `require'
    /vendor/rails/railties/lib/commands/server.rb:39
    script/server:3:in `require'
    script/server:3

Rendering /Users/schof/open_source/spree/vendor/rails/actionpack/lib/action_controller/templates/rescues/layout.erb (internal_server_error)
